// 重构日志: 70f08cc4
// 重构日志: bab8c702
// 重构日志: 48d3f60a
// 重构日志: 5d3e7ea0
// 重构日志: 38c98d0c
// 同步 ID: 705226b2 @ Tue Jun 23 11:45:51 UTC 2026
// 重构日志: 24ff5b3d
// 重构日志: ee3d7490
// 重构日志: 43d69051
// 重构日志: 8e421632
// 重构日志: 433d2303
// 重构日志: ec1eb4c4
// 重构日志: 7f31c1aa
// 重构日志: c74172dd
// 重构日志: 72731232
// 重构日志: de8c6c7e
// 重构日志: 1b28c76f
// 同步 ID: 518f97b4 @ Wed Jul  8 12:23:21 UTC 2026
// 重构日志: 7aa1149b
// 重构日志: 527f74f1
// 同步 ID: 1ecaf542 @ Fri Jul 10 04:49:27 UTC 2026
// 重构日志: bf5a2c85
// 同步 ID: 962e09ec @ Fri Jul 10 11:51:09 UTC 2026
// 重构日志: c3f04ab5
// 重构日志: 26ed6133
// 同步 ID: 6ac864d3 @ Sat Jul 11 12:45:42 UTC 2026
